<?xml version="1.0" encoding="UTF-8"?>
<testsuite name="RectangleTest" tests="2" skipped="0" failures="0" errors="0" timestamp="2017-06-28T18:41:16" hostname="epicodus-26.local" time="0.001">
  <properties/>
  <testcase name="newRectangle_getsLength_2" classname="RectangleTest" time="0.001"/>
  <testcase name="newRectangle_instantiatesCorrectly" classname="RectangleTest" time="0.0"/>
  <system-out><![CDATA[]]></system-out>
  <system-err><![CDATA[]]></system-err>
</testsuite>
